Determining if the LWS_WITH_MBEDTLS exist failed with the following output:
Change Dir: /home/arthur/Documents/Projetos/tcc/ttyd/build/CMakeFiles/CMakeTmp

Run Build Command(s):/usr/bin/gmake -f Makefile cmTC_dc71f/fast && /usr/bin/gmake  -f CMakeFiles/cmTC_dc71f.dir/build.make CMakeFiles/cmTC_dc71f.dir/build
gmake[1]: Entering directory '/home/arthur/Documents/Projetos/tcc/ttyd/build/CMakeFiles/CMakeTmp'
Building C object CMakeFiles/cmTC_dc71f.dir/CheckSymbolExists.c.o
/usr/bin/cc  -I/usr/include/json-c -D_GNU_SOURCE  -std=gnu99 -o CMakeFiles/cmTC_dc71f.dir/CheckSymbolExists.c.o -c /home/arthur/Documents/Projetos/tcc/ttyd/build/CMakeFiles/CMakeTmp/CheckSymbolExists.c
/home/arthur/Documents/Projetos/tcc/ttyd/build/CMakeFiles/CMakeTmp/CheckSymbolExists.c: In function ‘main’:
/home/arthur/Documents/Projetos/tcc/ttyd/build/CMakeFiles/CMakeTmp/CheckSymbolExists.c:8:19: error: ‘LWS_WITH_MBEDTLS’ undeclared (first use in this function); did you mean ‘LWS_WITH_TLS’?
    8 |   return ((int*)(&LWS_WITH_MBEDTLS))[argc];
      |                   ^~~~~~~~~~~~~~~~
      |                   LWS_WITH_TLS
/home/arthur/Documents/Projetos/tcc/ttyd/build/CMakeFiles/CMakeTmp/CheckSymbolExists.c:8:19: note: each undeclared identifier is reported only once for each function it appears in
gmake[1]: *** [CMakeFiles/cmTC_dc71f.dir/build.make:78: CMakeFiles/cmTC_dc71f.dir/CheckSymbolExists.c.o] Error 1
gmake[1]: Leaving directory '/home/arthur/Documents/Projetos/tcc/ttyd/build/CMakeFiles/CMakeTmp'
gmake: *** [Makefile:127: cmTC_dc71f/fast] Error 2


File /home/arthur/Documents/Projetos/tcc/ttyd/build/CMakeFiles/CMakeTmp/CheckSymbolExists.c:
/* */
#include <lws_config.h>

int main(int argc, char** argv)
{
  (void)argv;
#ifndef LWS_WITH_MBEDTLS
  return ((int*)(&LWS_WITH_MBEDTLS))[argc];
#else
  (void)argc;
  return 0;
#endif
}
